  all_var.c
  maind.c
C:\Users\horiz\Desktop\시립대\2학년\2학기\프로그래밍방법론및실습\팀프로젝트\12091_fix_ver_final\12091_fix_ver\aaa111\all_var.h(6,10): warning C4067: 전처리기 지시문 다음에 예기치 않은 토큰이 있습니다. 줄 바꿈 문자가 필요합니다.
  (소스 파일 'all_var.c'을(를) 컴파일하는 중)
  
C:\Users\horiz\Desktop\시립대\2학년\2학기\프로그래밍방법론및실습\팀프로젝트\12091_fix_ver_final\12091_fix_ver\aaa111\all_var.h(6,10): warning C4067: 전처리기 지시문 다음에 예기치 않은 토큰이 있습니다. 줄 바꿈 문자가 필요합니다.
  (소스 파일 'maind.c'을(를) 컴파일하는 중)
  
C:\Users\horiz\Desktop\시립대\2학년\2학기\프로그래밍방법론및실습\팀프로젝트\12091_fix_ver_final\12091_fix_ver\aaa111\maind.c(3,5): warning C4026: 정식 매개 변수 목록을 사용하여 함수를 선언했습니다.
  page1.c
C:\Users\horiz\Desktop\시립대\2학년\2학기\프로그래밍방법론및실습\팀프로젝트\12091_fix_ver_final\12091_fix_ver\aaa111\all_var.h(6,10): warning C4067: 전처리기 지시문 다음에 예기치 않은 토큰이 있습니다. 줄 바꿈 문자가 필요합니다.
  (소스 파일 'page1.c'을(를) 컴파일하는 중)
  
  page2.c
C:\Users\horiz\Desktop\시립대\2학년\2학기\프로그래밍방법론및실습\팀프로젝트\12091_fix_ver_final\12091_fix_ver\aaa111\all_var.h(6,10): warning C4067: 전처리기 지시문 다음에 예기치 않은 토큰이 있습니다. 줄 바꿈 문자가 필요합니다.
  (소스 파일 'page2.c'을(를) 컴파일하는 중)
  
  page3.c
C:\Users\horiz\Desktop\시립대\2학년\2학기\프로그래밍방법론및실습\팀프로젝트\12091_fix_ver_final\12091_fix_ver\aaa111\all_var.h(6,10): warning C4067: 전처리기 지시문 다음에 예기치 않은 토큰이 있습니다. 줄 바꿈 문자가 필요합니다.
  (소스 파일 'page3.c'을(를) 컴파일하는 중)
  
  page4.c
C:\Users\horiz\Desktop\시립대\2학년\2학기\프로그래밍방법론및실습\팀프로젝트\12091_fix_ver_final\12091_fix_ver\aaa111\all_var.h(6,10): warning C4067: 전처리기 지시문 다음에 예기치 않은 토큰이 있습니다. 줄 바꿈 문자가 필요합니다.
  (소스 파일 'page4.c'을(를) 컴파일하는 중)
  
  page5.c
C:\Users\horiz\Desktop\시립대\2학년\2학기\프로그래밍방법론및실습\팀프로젝트\12091_fix_ver_final\12091_fix_ver\aaa111\all_var.h(6,10): warning C4067: 전처리기 지시문 다음에 예기치 않은 토큰이 있습니다. 줄 바꿈 문자가 필요합니다.
  (소스 파일 'page5.c'을(를) 컴파일하는 중)
  
C:\Users\horiz\Desktop\시립대\2학년\2학기\프로그래밍방법론및실습\팀프로젝트\12091_fix_ver_final\12091_fix_ver\aaa111\page5.c(361,11): warning C4244: '함수': 'time_t'에서 'unsigned int'(으)로 변환하면서 데이터가 손실될 수 있습니다.
  page6.c
C:\Users\horiz\Desktop\시립대\2학년\2학기\프로그래밍방법론및실습\팀프로젝트\12091_fix_ver_final\12091_fix_ver\aaa111\all_var.h(6,10): warning C4067: 전처리기 지시문 다음에 예기치 않은 토큰이 있습니다. 줄 바꿈 문자가 필요합니다.
  (소스 파일 'page6.c'을(를) 컴파일하는 중)
  
  코드를 생성하고 있습니다...
  aaa111.vcxproj -> C:\Users\horiz\Desktop\시립대\2학년\2학기\프로그래밍방법론및실습\팀프로젝트\12091_fix_ver_final\12091_fix_ver\x64\Debug\aaa111.exe
